<?xml version="1.0" encoding="utf-8"?><testsuites><testsuite name="pytest" errors="0" failures="0" skipped="0" tests="5" time="0.174" timestamp="2023-01-22T11:42:03.611169" hostname="LAPTOP-KB14D39N"><testcase classname="tests.test_bytebank.TestClass" name="test_quando_idade_recebe_13_03_2000_deve_retornar_23" time="0.002" /><testcase classname="tests.test_bytebank.TestClass" name="test_quando_nome_recebe_Lucas_Carvalho_deve_retornar_apenas_Carvalho" time="0.001" /><testcase classname="tests.test_bytebank.TestClass" name="test_quando_decrescimo_salario_recebe_100000_deve_retornar_90000" time="0.001" /><testcase classname="tests.test_bytebank.TestClass" name="test_quando_calcular_bonus_recebe_1000_deve_retornar_100" time="0.001" /><testcase classname="tests.test_bytebank.TestClass" name="test_quando_calcular_bonus_recebe_100000_deve_retornar_exception" time="0.001" /></testsuite></testsuites>